<?xml version="1.0" encoding="UTF-8"?>
<testng-results ignored="0" total="4" passed="4" failed="0" skipped="0">
  <reporter-output>
  </reporter-output>
  <suite started-at="2023-03-28T10:03:22 IST" name="Suite" finished-at="2023-03-28T10:04:06 IST" duration-ms="44708">
    <groups>
    </groups>
    <test started-at="2023-03-28T10:03:22 IST" name="Test" finished-at="2023-03-28T10:04:06 IST" duration-ms="44708">
      <class name="recap.CalcualtorApp">
        <test-method is-config="true" signature="setup()[pri:0, instance:recap.CalcualtorApp@4562e04d]" started-at="2023-03-28T10:03:22 IST" name="setup" finished-at="2023-03-28T10:03:36 IST" duration-ms="14102" status="PASS">
          <reporter-output>
          </reporter-output>
        </test-method> <!-- setup -->
        <test-method signature="verifyAddTest()[pri:0, instance:recap.CalcualtorApp@4562e04d]" started-at="2023-03-28T10:03:36 IST" name="verifyAddTest" finished-at="2023-03-28T10:03:43 IST" duration-ms="7631" status="PASS">
          <reporter-output>
          </reporter-output>
        </test-method> <!-- verifyAddTest -->
        <test-method signature="verifyDivTest()[pri:0, instance:recap.CalcualtorApp@4562e04d]" started-at="2023-03-28T10:03:43 IST" name="verifyDivTest" finished-at="2023-03-28T10:03:50 IST" duration-ms="6417" status="PASS">
          <reporter-output>
          </reporter-output>
        </test-method> <!-- verifyDivTest -->
        <test-method signature="verifyMultTest()[pri:0, instance:recap.CalcualtorApp@4562e04d]" started-at="2023-03-28T10:03:50 IST" name="verifyMultTest" finished-at="2023-03-28T10:03:56 IST" duration-ms="6717" status="PASS">
          <reporter-output>
          </reporter-output>
        </test-method> <!-- verifyMultTest -->
        <test-method signature="verifySubTest()[pri:0, instance:recap.CalcualtorApp@4562e04d]" started-at="2023-03-28T10:03:56 IST" name="verifySubTest" finished-at="2023-03-28T10:04:06 IST" duration-ms="9755" status="PASS">
          <reporter-output>
          </reporter-output>
        </test-method> <!-- verifySubTest -->
      </class> <!-- recap.CalcualtorApp -->
    </test> <!-- Test -->
  </suite> <!-- Suite -->
</testng-results>
